mode: atomic
github.com/cpapidas/valy/field_properties.go:19.61,21.32 2 22
github.com/cpapidas/valy/field_properties.go:31.2,31.18 1 22
github.com/cpapidas/valy/field_properties.go:21.32,24.20 2 27
github.com/cpapidas/valy/field_properties.go:24.20,26.4 1 1
github.com/cpapidas/valy/field_properties.go:26.4,28.4 1 26
github.com/cpapidas/valy/field_properties.go:35.53,38.25 3 22
github.com/cpapidas/valy/field_properties.go:47.2,47.13 1 20
github.com/cpapidas/valy/field_properties.go:38.25,42.3 3 8
github.com/cpapidas/valy/field_properties.go:42.3,42.31 1 14
github.com/cpapidas/valy/field_properties.go:42.31,46.3 3 13
github.com/cpapidas/valy/field_properties.go:51.31,54.32 2 14
github.com/cpapidas/valy/field_properties.go:59.2,59.14 1 1
github.com/cpapidas/valy/field_properties.go:54.32,55.13 1 106
github.com/cpapidas/valy/field_properties.go:55.13,57.4 1 13
github.com/cpapidas/valy/numeric_validator.go:26.65,34.2 3 13
github.com/cpapidas/valy/numeric_validator.go:37.39,42.2 4 13
github.com/cpapidas/valy/numeric_validator.go:45.65,46.23 1 13
github.com/cpapidas/valy/numeric_validator.go:47.15,48.20 1 1
github.com/cpapidas/valy/numeric_validator.go:49.11,50.20 1 1
github.com/cpapidas/valy/numeric_validator.go:51.13,52.20 1 1
github.com/cpapidas/valy/numeric_validator.go:53.13,54.20 1 1
github.com/cpapidas/valy/numeric_validator.go:55.13,56.20 1 2
github.com/cpapidas/valy/numeric_validator.go:57.12,58.20 1 1
github.com/cpapidas/valy/numeric_validator.go:59.12,60.20 1 1
github.com/cpapidas/valy/numeric_validator.go:61.14,62.20 1 1
github.com/cpapidas/valy/numeric_validator.go:63.14,64.20 1 1
github.com/cpapidas/valy/numeric_validator.go:65.14,66.20 1 1
github.com/cpapidas/valy/numeric_validator.go:67.13,68.20 1 1
github.com/cpapidas/valy/numeric_validator.go:69.10,70.21 1 1
github.com/cpapidas/valy/numeric_validator.go:75.62,77.26 2 13
github.com/cpapidas/valy/numeric_validator.go:77.26,78.12 1 15
github.com/cpapidas/valy/numeric_validator.go:86.3,86.17 1 15
github.com/cpapidas/valy/numeric_validator.go:79.14,80.42 1 2
github.com/cpapidas/valy/numeric_validator.go:81.14,82.42 1 2
github.com/cpapidas/valy/numeric_validator.go:83.19,84.42 1 11
github.com/cpapidas/valy/numeric_validator.go:86.17,87.14 1 1
github.com/cpapidas/valy/numeric_validator.go:93.46,94.16 1 12
github.com/cpapidas/valy/numeric_validator.go:97.2,97.16 1 12
github.com/cpapidas/valy/numeric_validator.go:100.2,100.16 1 12
github.com/cpapidas/valy/numeric_validator.go:94.16,96.3 1 1
github.com/cpapidas/valy/numeric_validator.go:97.16,99.3 1 2
github.com/cpapidas/valy/numeric_validator.go:100.16,102.3 1 11
github.com/cpapidas/valy/numeric_validator.go:106.38,107.24 1 1
github.com/cpapidas/valy/numeric_validator.go:107.24,110.3 1 1
github.com/cpapidas/valy/numeric_validator.go:114.38,115.24 1 2
github.com/cpapidas/valy/numeric_validator.go:115.24,118.3 1 1
github.com/cpapidas/valy/numeric_validator.go:122.43,123.21 1 11
github.com/cpapidas/valy/numeric_validator.go:123.21,125.3 1 11
github.com/cpapidas/valy/string_validator.go:26.63,34.2 3 8
github.com/cpapidas/valy/string_validator.go:37.38,42.2 4 8
github.com/cpapidas/valy/string_validator.go:45.61,47.26 2 8
github.com/cpapidas/valy/string_validator.go:47.26,48.12 1 10
github.com/cpapidas/valy/string_validator.go:56.3,56.17 1 10
github.com/cpapidas/valy/string_validator.go:49.14,50.32 1 4
github.com/cpapidas/valy/string_validator.go:51.14,52.32 1 3
github.com/cpapidas/valy/string_validator.go:53.19,54.42 1 3
github.com/cpapidas/valy/string_validator.go:56.17,57.14 1 1
github.com/cpapidas/valy/string_validator.go:63.44,64.16 1 7
github.com/cpapidas/valy/string_validator.go:67.2,67.16 1 7
github.com/cpapidas/valy/string_validator.go:70.2,70.16 1 7
github.com/cpapidas/valy/string_validator.go:64.16,66.3 1 3
github.com/cpapidas/valy/string_validator.go:67.16,69.3 1 3
github.com/cpapidas/valy/string_validator.go:70.16,72.3 1 2
github.com/cpapidas/valy/string_validator.go:76.37,77.32 1 3
github.com/cpapidas/valy/string_validator.go:77.32,80.3 1 2
github.com/cpapidas/valy/string_validator.go:84.37,85.32 1 3
github.com/cpapidas/valy/string_validator.go:85.32,88.3 1 2
github.com/cpapidas/valy/string_validator.go:92.42,93.25 1 2
github.com/cpapidas/valy/string_validator.go:93.25,95.3 1 1
github.com/cpapidas/valy/validator.go:21.52,22.50 1 19
github.com/cpapidas/valy/validator.go:27.2,27.17 1 17
github.com/cpapidas/valy/validator.go:22.50,24.3 1 1
github.com/cpapidas/valy/validator.go:24.3,24.26 1 18
github.com/cpapidas/valy/validator.go:24.26,26.3 1 1
github.com/cpapidas/valy/valy.go:53.88,55.2 1 3
github.com/cpapidas/valy/valy.go:100.76,102.20 2 3
github.com/cpapidas/valy/valy.go:106.2,107.10 2 1
github.com/cpapidas/valy/valy.go:102.20,104.3 1 1
github.com/cpapidas/valy/valy.go:113.81,117.27 4 6
github.com/cpapidas/valy/valy.go:120.2,120.30 1 6
github.com/cpapidas/valy/valy.go:117.27,119.3 1 1
github.com/cpapidas/valy/valy.go:126.93,128.36 2 6
github.com/cpapidas/valy/valy.go:145.2,145.13 1 3
github.com/cpapidas/valy/valy.go:128.36,130.16 2 23
github.com/cpapidas/valy/valy.go:133.3,140.54 3 22
github.com/cpapidas/valy/valy.go:130.16,131.12 1 1
github.com/cpapidas/valy/valy.go:140.54,142.4 1 17
